<?xml version="1.0" encoding="UTF-8"?>
<testng-results skipped="0" failed="0" ignored="0" total="1" passed="1">
  <reporter-output>
  </reporter-output>
  <suite name="Suite" duration-ms="45" started-at="2021-10-14T03:56:46 IST" finished-at="2021-10-14T03:56:46 IST">
    <groups>
    </groups>
    <test name="Test" duration-ms="45" started-at="2021-10-14T03:56:46 IST" finished-at="2021-10-14T03:56:46 IST">
      <class name="qaclickacademy.MavenJava.GmailTest">
        <test-method status="PASS" signature="gmaillogin()[pri:0, instance:qaclickacademy.MavenJava.GmailTest@3327bd23]" name="gmaillogin" duration-ms="5" started-at="2021-10-14T03:56:46 IST" finished-at="2021-10-14T03:56:46 IST">
          <reporter-output>
          </reporter-output>
        </test-method> <!-- gmaillogin -->
      </class> <!-- qaclickacademy.MavenJava.GmailTest -->
    </test> <!-- Test -->
  </suite> <!-- Suite -->
</testng-results>
