<?xml version="1.0" encoding="UTF-8"?>
<testng-results ignored="0" total="1" passed="1" failed="0" skipped="0">
  <reporter-output>
  </reporter-output>
  <suite started-at="2021-10-04T02:32:38 IST" name="Default suite" finished-at="2021-10-04T02:32:38 IST" duration-ms="64">
    <groups>
    </groups>
    <test started-at="2021-10-04T02:32:38 IST" name="Default test" finished-at="2021-10-04T02:32:38 IST" duration-ms="64">
      <class name="qaclickacademy.MavenJava.Facebook">
        <test-method signature="fblogin()[pri:0, instance:qaclickacademy.MavenJava.Facebook@212b5695]" started-at="2021-10-04T02:32:38 IST" name="fblogin" finished-at="2021-10-04T02:32:38 IST" duration-ms="11" status="PASS">
          <reporter-output>
          </reporter-output>
        </test-method> <!-- fblogin -->
      </class> <!-- qaclickacademy.MavenJava.Facebook -->
    </test> <!-- Default test -->
  </suite> <!-- Default suite -->
</testng-results>
